<?xml version="1.0" encoding="UTF-8"?>
<!-- Generated by org.testng.reporters.JUnitXMLReporter -->
<testsuite ignored="0" hostname="Rahul-Dev-Ghosh" failures="0" tests="9" name="Surefire test" time="62.647" errors="0" timestamp="2022-05-16T13:49:06 IST">
  <testcase classname="com.salesforce.testcases.DashboardPageTest" name="verifyAllTabsOnDashboardPage" time="2.188"/>
  <testcase classname="com.salesforce.testcases.LoginPageTest" name="loginPageTitleTest" time="0.0"/>
  <testcase classname="com.salesforce.testcases.LoginPageTest" name="validateLoginNegativeScenarios" time="0.529"/>
  <testcase classname="com.salesforce.testcases.LoginPageTest" name="validateLoginNegativeScenarios" time="0.586"/>
  <testcase classname="com.salesforce.testcases.LoginPageTest" name="validateLoginNegativeScenarios" time="9.551"/>
  <testcase classname="com.salesforce.testcases.LoginPageTest" name="validateLoginNegativeScenarios" time="0.675"/>
  <testcase classname="com.salesforce.testcases.LoginPageTest" name="validateLoginNegativeScenarios" time="0.574"/>
  <testcase classname="com.salesforce.testcases.LoginPageTest" name="validateLoginNegativeScenarios" time="0.529"/>
  <testcase classname="com.salesforce.testcases.LoginPageTest" name="validateLoginNegativeScenarios" time="0.609"/>
</testsuite> <!-- Surefire test -->
