<?xml version="1.0" encoding="UTF-8"?>
<!-- Generated by org.testng.reporters.JUnitXMLReporter -->
<testsuite ignored="2" hostname="Rahul-Dev-Ghosh" failures="0" tests="1" name="Default test" time="9.538" errors="0" timestamp="2022-05-18T14:28:19 IST">
  <testcase classname="com.salesforce.testcases.LoginPageTest" name="validateLogin" time="5.657"/>
  <testcase classname="com.salesforce.testcases.LoginPageTest" name="validateLoginNegativeScenarios" time="0.0">
    <ignored/>
  </testcase> <!-- validateLoginNegativeScenarios -->
  <testcase classname="com.salesforce.testcases.LoginPageTest" name="loginPageTitleTest" time="0.0">
    <ignored/>
  </testcase> <!-- loginPageTitleTest -->
</testsuite> <!-- Default test -->
