<?xml version="1.0" encoding="UTF-8"?>
<testsuite xmlns:xsi="http://www.w3.org/2001/XMLSchema-instance" xsi:noNamespaceSchemaLocation="https://maven.apache.org/surefire/maven-surefire-plugin/xsd/surefire-test-report.xsd" name="TestSuite" time="63.63" tests="9" errors="0" skipped="0" failures="0">
  <properties>
[...]
</properties>
  <testcase name="verifyAllTabsOnDashboardPage" classname="com.salesforce.testcases.DashboardPageTest" time="2.188"/>
  <testcase name="loginPageTitleTest" classname="com.salesforce.testcases.LoginPageTest" time="0"/>
  <testcase name="validateLoginNegativeScenarios" classname="com.salesforce.testcases.LoginPageTest" time="0.526"/>
  <testcase name="validateLoginNegativeScenarios" classname="com.salesforce.testcases.LoginPageTest" time="0.586"/>
  <testcase name="validateLoginNegativeScenarios" classname="com.salesforce.testcases.LoginPageTest" time="9.551"/>
  <testcase name="validateLoginNegativeScenarios" classname="com.salesforce.testcases.LoginPageTest" time="0.676"/>
  <testcase name="validateLoginNegativeScenarios" classname="com.salesforce.testcases.LoginPageTest" time="0.572"/>
  <testcase name="validateLoginNegativeScenarios" classname="com.salesforce.testcases.LoginPageTest" time="0.529"/>
  <testcase name="validateLoginNegativeScenarios" classname="com.salesforce.testcases.LoginPageTest" time="0.609"/>
</testsuite>