<?xml version="1.0" encoding="UTF-8"?>
<testng-results ignored="2" total="3" passed="1" failed="0" skipped="0">
  <reporter-output>
  </reporter-output>
  <suite started-at="2022-05-18T14:28:10 IST" name="Default suite" finished-at="2022-05-18T14:28:19 IST" duration-ms="9538">
    <groups>
      <group name="regression">
        <method signature="LoginPageTest.validateLogin()[pri:0, instance:com.salesforce.testcases.LoginPageTest@72758afa]" name="validateLogin" class="com.salesforce.testcases.LoginPageTest"/>
      </group> <!-- regression -->
      <group name="sanity">
        <method signature="LoginPageTest.validateLogin()[pri:0, instance:com.salesforce.testcases.LoginPageTest@72758afa]" name="validateLogin" class="com.salesforce.testcases.LoginPageTest"/>
      </group> <!-- sanity -->
    </groups>
    <test started-at="2022-05-18T14:28:10 IST" name="Default test" finished-at="2022-05-18T14:28:19 IST" duration-ms="9538">
      <class name="com.salesforce.testcases.LoginPageTest">
        <test-method is-config="true" signature="setUp()[pri:0, instance:com.salesforce.testcases.LoginPageTest@72758afa]" started-at="2022-05-18T14:28:10 IST" name="setUp" finished-at="2022-05-18T14:28:14 IST" duration-ms="3646" status="PASS">
          <reporter-output>
          </reporter-output>
        </test-method> <!-- setUp -->
        <test-method signature="validateLogin()[pri:0, instance:com.salesforce.testcases.LoginPageTest@72758afa]" started-at="2022-05-18T14:28:14 IST" name="validateLogin" finished-at="2022-05-18T14:28:19 IST" duration-ms="5657" status="PASS">
          <reporter-output>
          </reporter-output>
        </test-method> <!-- validateLogin -->
        <test-method is-config="true" signature="tearDown()[pri:0, instance:com.salesforce.testcases.LoginPageTest@72758afa]" started-at="2022-05-18T14:28:19 IST" name="tearDown" finished-at="2022-05-18T14:28:19 IST" duration-ms="185" status="PASS">
          <reporter-output>
          </reporter-output>
        </test-method> <!-- tearDown -->
      </class> <!-- com.salesforce.testcases.LoginPageTest -->
    </test> <!-- Default test -->
  </suite> <!-- Default suite -->
</testng-results>
